  glslprogram.cpp
  GLUtils.cpp
  TextureManager.cpp
  main.cpp
d:\ufsm\disciplinas\computacao grafica avancada\demos\demos_gl 4.x\include\glm\detail/type_vec2.hpp(64): warning C4201: nonstandard extension used: nameless struct/union (compiling source file ..\..\utils\glslprogram.cpp)
  d:\ufsm\disciplinas\computacao grafica avancada\demos\demos_gl 4.x\include\glm\detail/type_vec2.hpp(242): note: see reference to class template instantiation 'glm::tvec2<T,P>' being compiled (compiling source file ..\..\utils\glslprogram.cpp)
d:\ufsm\disciplinas\computacao grafica avancada\demos\demos_gl 4.x\include\glm\detail/type_vec2.hpp(65): warning C4201: nonstandard extension used: nameless struct/union (compiling source file ..\..\utils\glslprogram.cpp)
d:\ufsm\disciplinas\computacao grafica avancada\demos\demos_gl 4.x\include\glm\detail/type_vec2.hpp(66): warning C4201: nonstandard extension used: nameless struct/union (compiling source file ..\..\utils\glslprogram.cpp)
d:\ufsm\disciplinas\computacao grafica avancada\demos\demos_gl 4.x\include\glm\detail/type_vec3.hpp(64): warning C4201: nonstandard extension used: nameless struct/union (compiling source file ..\..\utils\glslprogram.cpp)
  d:\ufsm\disciplinas\computacao grafica avancada\demos\demos_gl 4.x\include\glm\detail/type_vec3.hpp(264): note: see reference to class template instantiation 'glm::tvec3<T,P>' being compiled (compiling source file ..\..\utils\glslprogram.cpp)
d:\ufsm\disciplinas\computacao grafica avancada\demos\demos_gl 4.x\include\glm\detail/type_vec3.hpp(65): warning C4201: nonstandard extension used: nameless struct/union (compiling source file ..\..\utils\glslprogram.cpp)
d:\ufsm\disciplinas\computacao grafica avancada\demos\demos_gl 4.x\include\glm\detail/type_vec3.hpp(66): warning C4201: nonstandard extension used: nameless struct/union (compiling source file ..\..\utils\glslprogram.cpp)
d:\ufsm\disciplinas\computacao grafica avancada\demos\demos_gl 4.x\include\glm\detail/type_vec4.hpp(118): warning C4201: nonstandard extension used: nameless struct/union (compiling source file ..\..\utils\glslprogram.cpp)
  d:\ufsm\disciplinas\computacao grafica avancada\demos\demos_gl 4.x\include\glm\detail/type_vec4.hpp(364): note: see reference to class template instantiation 'glm::tvec4<T,P>' being compiled (compiling source file ..\..\utils\glslprogram.cpp)
d:\ufsm\disciplinas\computacao grafica avancada\demos\demos_gl 4.x\include\glm\detail/type_vec4.hpp(119): warning C4201: nonstandard extension used: nameless struct/union (compiling source file ..\..\utils\glslprogram.cpp)
d:\ufsm\disciplinas\computacao grafica avancada\demos\demos_gl 4.x\include\glm\detail/type_vec4.hpp(120): warning C4201: nonstandard extension used: nameless struct/union (compiling source file ..\..\utils\glslprogram.cpp)
d:\ufsm\disciplinas\computacao grafica avancada\demos\demos_gl 4.x\include\glm\detail/type_vec2.hpp(64): warning C4201: nonstandard extension used: nameless struct/union (compiling source file src\main.cpp)
  d:\ufsm\disciplinas\computacao grafica avancada\demos\demos_gl 4.x\include\glm\detail/type_vec2.hpp(242): note: see reference to class template instantiation 'glm::tvec2<T,P>' being compiled (compiling source file src\main.cpp)
d:\ufsm\disciplinas\computacao grafica avancada\demos\demos_gl 4.x\include\glm\detail/type_vec2.hpp(65): warning C4201: nonstandard extension used: nameless struct/union (compiling source file src\main.cpp)
d:\ufsm\disciplinas\computacao grafica avancada\demos\demos_gl 4.x\include\glm\detail/type_vec2.hpp(66): warning C4201: nonstandard extension used: nameless struct/union (compiling source file src\main.cpp)
d:\ufsm\disciplinas\computacao grafica avancada\demos\demos_gl 4.x\include\glm\detail/type_vec3.hpp(64): warning C4201: nonstandard extension used: nameless struct/union (compiling source file src\main.cpp)
  d:\ufsm\disciplinas\computacao grafica avancada\demos\demos_gl 4.x\include\glm\detail/type_vec3.hpp(264): note: see reference to class template instantiation 'glm::tvec3<T,P>' being compiled (compiling source file src\main.cpp)
d:\ufsm\disciplinas\computacao grafica avancada\demos\demos_gl 4.x\include\glm\detail/type_vec3.hpp(65): warning C4201: nonstandard extension used: nameless struct/union (compiling source file src\main.cpp)
d:\ufsm\disciplinas\computacao grafica avancada\demos\demos_gl 4.x\include\glm\detail/type_vec3.hpp(66): warning C4201: nonstandard extension used: nameless struct/union (compiling source file src\main.cpp)
..\..\utils\GLUtils.cpp(10): warning C4100: 'param': unreferenced formal parameter
..\..\utils\GLUtils.cpp(10): warning C4100: 'length': unreferenced formal parameter
d:\ufsm\disciplinas\computacao grafica avancada\demos\demos_gl 4.x\include\glm\detail/type_vec4.hpp(118): warning C4201: nonstandard extension used: nameless struct/union (compiling source file src\main.cpp)
  d:\ufsm\disciplinas\computacao grafica avancada\demos\demos_gl 4.x\include\glm\detail/type_vec4.hpp(364): note: see reference to class template instantiation 'glm::tvec4<T,P>' being compiled (compiling source file src\main.cpp)
d:\ufsm\disciplinas\computacao grafica avancada\demos\demos_gl 4.x\include\glm\detail/type_vec4.hpp(119): warning C4201: nonstandard extension used: nameless struct/union (compiling source file src\main.cpp)
d:\ufsm\disciplinas\computacao grafica avancada\demos\demos_gl 4.x\include\glm\detail/type_vec4.hpp(120): warning C4201: nonstandard extension used: nameless struct/union (compiling source file src\main.cpp)
d:\ufsm\disciplinas\computacao grafica avancada\demos\demos_gl 4.x\utils\glslprogram.h(56): warning C4100: 'other': unreferenced formal parameter (compiling source file ..\..\utils\glslprogram.cpp)
d:\ufsm\disciplinas\computacao grafica avancada\demos\demos_gl 4.x\utils\glslprogram.h(57): warning C4100: 'other': unreferenced formal parameter (compiling source file ..\..\utils\glslprogram.cpp)
D:\ufsm\Disciplinas\Computacao Grafica Avancada\Demos\Demos_GL 4.x\utils\glslprogram.h(56): warning C4100: 'other': unreferenced formal parameter (compiling source file src\main.cpp)
D:\ufsm\Disciplinas\Computacao Grafica Avancada\Demos\Demos_GL 4.x\utils\glslprogram.h(57): warning C4100: 'other': unreferenced formal parameter (compiling source file src\main.cpp)
src\main.cpp(81): warning C4100: 'error': unreferenced formal parameter
src\main.cpp(87): warning C4459: declaration of 'window' hides global declaration
  src\main.cpp(33): note: see declaration of 'window'
src\main.cpp(87): warning C4100: 'mods': unreferenced formal parameter
src\main.cpp(87): warning C4100: 'scancode': unreferenced formal parameter
src\main.cpp(153): warning C4316: 'Sphere': object allocated on the heap may not be aligned 16
src\main.cpp(156): warning C4316: 'Sphere': object allocated on the heap may not be aligned 16
d:\ufsm\disciplinas\computacao grafica avancada\demos\demos_gl 4.x\include\glm\detail/type_vec2.hpp(64): warning C4201: nonstandard extension used: nameless struct/union (compiling source file ..\..\utils\TextureManager.cpp)
  d:\ufsm\disciplinas\computacao grafica avancada\demos\demos_gl 4.x\include\glm\detail/type_vec2.hpp(242): note: see reference to class template instantiation 'glm::tvec2<T,P>' being compiled (compiling source file ..\..\utils\TextureManager.cpp)
d:\ufsm\disciplinas\computacao grafica avancada\demos\demos_gl 4.x\include\glm\detail/type_vec2.hpp(65): warning C4201: nonstandard extension used: nameless struct/union (compiling source file ..\..\utils\TextureManager.cpp)
d:\ufsm\disciplinas\computacao grafica avancada\demos\demos_gl 4.x\include\glm\detail/type_vec2.hpp(66): warning C4201: nonstandard extension used: nameless struct/union (compiling source file ..\..\utils\TextureManager.cpp)
d:\ufsm\disciplinas\computacao grafica avancada\demos\demos_gl 4.x\include\glm\detail/type_vec3.hpp(64): warning C4201: nonstandard extension used: nameless struct/union (compiling source file ..\..\utils\TextureManager.cpp)
  d:\ufsm\disciplinas\computacao grafica avancada\demos\demos_gl 4.x\include\glm\detail/type_vec3.hpp(264): note: see reference to class template instantiation 'glm::tvec3<T,P>' being compiled (compiling source file ..\..\utils\TextureManager.cpp)
d:\ufsm\disciplinas\computacao grafica avancada\demos\demos_gl 4.x\include\glm\detail/type_vec3.hpp(65): warning C4201: nonstandard extension used: nameless struct/union (compiling source file ..\..\utils\TextureManager.cpp)
d:\ufsm\disciplinas\computacao grafica avancada\demos\demos_gl 4.x\include\glm\detail/type_vec3.hpp(66): warning C4201: nonstandard extension used: nameless struct/union (compiling source file ..\..\utils\TextureManager.cpp)
d:\ufsm\disciplinas\computacao grafica avancada\demos\demos_gl 4.x\include\glm\detail/type_vec4.hpp(118): warning C4201: nonstandard extension used: nameless struct/union (compiling source file ..\..\utils\TextureManager.cpp)
  d:\ufsm\disciplinas\computacao grafica avancada\demos\demos_gl 4.x\include\glm\detail/type_vec4.hpp(364): note: see reference to class template instantiation 'glm::tvec4<T,P>' being compiled (compiling source file ..\..\utils\TextureManager.cpp)
d:\ufsm\disciplinas\computacao grafica avancada\demos\demos_gl 4.x\include\glm\detail/type_vec4.hpp(119): warning C4201: nonstandard extension used: nameless struct/union (compiling source file ..\..\utils\TextureManager.cpp)
d:\ufsm\disciplinas\computacao grafica avancada\demos\demos_gl 4.x\include\glm\detail/type_vec4.hpp(120): warning C4201: nonstandard extension used: nameless struct/union (compiling source file ..\..\utils\TextureManager.cpp)
  Sphere.cpp
..\..\utils\TextureManager.cpp(182): warning C4244: '=': conversion from 'int' to 'float', possible loss of data
..\..\utils\TextureManager.cpp(183): warning C4244: '=': conversion from 'int' to 'float', possible loss of data
..\..\utils\TextureManager.cpp(117): warning C4100: 'border': unreferenced formal parameter
..\..\utils\TextureManager.cpp(117): warning C4100: 'level': unreferenced formal parameter
..\..\utils\TextureManager.cpp(117): warning C4100: 'internal_format': unreferenced formal parameter
..\..\utils\TextureManager.cpp(117): warning C4100: 'image_format': unreferenced formal parameter
d:\ufsm\disciplinas\computacao grafica avancada\demos\demos_gl 4.x\include\glm\detail/type_vec2.hpp(64): warning C4201: nonstandard extension used: nameless struct/union (compiling source file src\Sphere.cpp)
  d:\ufsm\disciplinas\computacao grafica avancada\demos\demos_gl 4.x\include\glm\detail/type_vec2.hpp(242): note: see reference to class template instantiation 'glm::tvec2<T,P>' being compiled (compiling source file src\Sphere.cpp)
d:\ufsm\disciplinas\computacao grafica avancada\demos\demos_gl 4.x\include\glm\detail/type_vec2.hpp(65): warning C4201: nonstandard extension used: nameless struct/union (compiling source file src\Sphere.cpp)
d:\ufsm\disciplinas\computacao grafica avancada\demos\demos_gl 4.x\include\glm\detail/type_vec2.hpp(66): warning C4201: nonstandard extension used: nameless struct/union (compiling source file src\Sphere.cpp)
d:\ufsm\disciplinas\computacao grafica avancada\demos\demos_gl 4.x\include\glm\detail/type_vec3.hpp(64): warning C4201: nonstandard extension used: nameless struct/union (compiling source file src\Sphere.cpp)
  d:\ufsm\disciplinas\computacao grafica avancada\demos\demos_gl 4.x\include\glm\detail/type_vec3.hpp(264): note: see reference to class template instantiation 'glm::tvec3<T,P>' being compiled (compiling source file src\Sphere.cpp)
d:\ufsm\disciplinas\computacao grafica avancada\demos\demos_gl 4.x\include\glm\detail/type_vec3.hpp(65): warning C4201: nonstandard extension used: nameless struct/union (compiling source file src\Sphere.cpp)
d:\ufsm\disciplinas\computacao grafica avancada\demos\demos_gl 4.x\include\glm\detail/type_vec3.hpp(66): warning C4201: nonstandard extension used: nameless struct/union (compiling source file src\Sphere.cpp)
d:\ufsm\disciplinas\computacao grafica avancada\demos\demos_gl 4.x\include\glm\detail/type_vec4.hpp(118): warning C4201: nonstandard extension used: nameless struct/union (compiling source file src\Sphere.cpp)
  d:\ufsm\disciplinas\computacao grafica avancada\demos\demos_gl 4.x\include\glm\detail/type_vec4.hpp(364): note: see reference to class template instantiation 'glm::tvec4<T,P>' being compiled (compiling source file src\Sphere.cpp)
d:\ufsm\disciplinas\computacao grafica avancada\demos\demos_gl 4.x\include\glm\detail/type_vec4.hpp(119): warning C4201: nonstandard extension used: nameless struct/union (compiling source file src\Sphere.cpp)
d:\ufsm\disciplinas\computacao grafica avancada\demos\demos_gl 4.x\include\glm\detail/type_vec4.hpp(120): warning C4201: nonstandard extension used: nameless struct/union (compiling source file src\Sphere.cpp)
D:\ufsm\Disciplinas\Computacao Grafica Avancada\Demos\Demos_GL 4.x\utils\glslprogram.h(56): warning C4100: 'other': unreferenced formal parameter (compiling source file src\Sphere.cpp)
D:\ufsm\Disciplinas\Computacao Grafica Avancada\Demos\Demos_GL 4.x\utils\glslprogram.h(57): warning C4100: 'other': unreferenced formal parameter (compiling source file src\Sphere.cpp)
src\Sphere.cpp(50): warning C4100: 'deltaTime': unreferenced formal parameter
src\Sphere.cpp(121): warning C4100: 'y': unreferenced formal parameter
src\Sphere.cpp(121): warning C4100: 'x': unreferenced formal parameter
src\Sphere.cpp(142): warning C4244: '=': conversion from 'double' to 'float', possible loss of data
src\Sphere.cpp(143): warning C4244: '=': conversion from 'double' to 'float', possible loss of data
src\Sphere.cpp(144): warning C4244: '=': conversion from 'double' to 'float', possible loss of data
src\Sphere.cpp(156): warning C4244: '=': conversion from 'double' to 'float', possible loss of data
src\Sphere.cpp(157): warning C4244: '=': conversion from 'double' to 'float', possible loss of data
src\Sphere.cpp(172): warning C4456: declaration of 'i' hides previous local declaration
  src\Sphere.cpp(134): note: see declaration of 'i'
src\Sphere.cpp(185): warning C4456: declaration of 'i' hides previous local declaration
  src\Sphere.cpp(134): note: see declaration of 'i'
src\Sphere.cpp(201): warning C4456: declaration of 'i' hides previous local declaration
  src\Sphere.cpp(134): note: see declaration of 'i'
src\Sphere.cpp(201): warning C4018: '<': signed/unsigned mismatch
src\Sphere.cpp(134): warning C4189: 'i': local variable is initialized but not referenced
LINK : warning LNK4098: defaultlib 'MSVCRT' conflicts with use of other libs; use /NODEFAULTLIB:library
  glsl40_toon.vcxproj -> D:\ufsm\Disciplinas\Computacao Grafica Avancada\Demos\Demos_GL 4.x\bin\glsl40_toon.exe
  glsl40_toon.vcxproj -> D:\ufsm\Disciplinas\Computacao Grafica Avancada\Demos\Demos_GL 4.x\bin\glsl40_toon.pdb (Partial PDB)
  D:\ufsm\Disciplinas\Computacao Grafica Avancada\Demos\Demos_GL 4.x\demos\glsl40_toon\shader\glsl40_toon.frag
  D:\ufsm\Disciplinas\Computacao Grafica Avancada\Demos\Demos_GL 4.x\demos\glsl40_toon\shader\glsl40_toon.vert
  2 File(s) copied
